0 info it worked if it ends with ok
1 verbose cli [ '/usr/bin/node',
1 verbose cli   '/usr/bin/npm',
1 verbose cli   'install',
1 verbose cli   '--save',
1 verbose cli   'method--override' ]
2 info using npm@1.4.28
3 info using node@v0.10.40
4 verbose node symlink /usr/bin/node
5 warn package.json cmsc100week2@1.0.0 No README data
6 verbose readDependencies using package.json deps
7 verbose cache add [ 'method--override', null ]
8 verbose cache add name=undefined spec="method--override" args=["method--override",null]
9 verbose parsed url { protocol: null,
9 verbose parsed url   slashes: null,
9 verbose parsed url   auth: null,
9 verbose parsed url   host: null,
9 verbose parsed url   port: null,
9 verbose parsed url   hostname: null,
9 verbose parsed url   hash: null,
9 verbose parsed url   search: null,
9 verbose parsed url   query: null,
9 verbose parsed url   pathname: 'method--override',
9 verbose parsed url   path: 'method--override',
9 verbose parsed url   href: 'method--override' }
10 silly lockFile d9a6ea10-method-override method--override
11 verbose lock method--override /home/user/.npm/d9a6ea10-method-override.lock
12 silly lockFile d9a6ea10-method-override method--override
13 silly lockFile d9a6ea10-method-override method--override
14 verbose addNamed [ 'method--override', '' ]
15 verbose addNamed [ null, '*' ]
16 silly lockFile 6c712ac1-method-override method--override@
17 verbose lock method--override@ /home/user/.npm/6c712ac1-method-override.lock
18 silly addNameRange { name: 'method--override', range: '*', hasData: false }
19 verbose request where is /method--override
20 verbose request registry https://registry.npmjs.org/
21 verbose request id 14e3f2ec79a6c24a
22 verbose url raw /method--override
23 verbose url resolving [ 'https://registry.npmjs.org/', './method--override' ]
24 verbose url resolved https://registry.npmjs.org/method--override
25 verbose request where is https://registry.npmjs.org/method--override
26 info trying registry request attempt 1 at 13:58:33
27 http GET https://registry.npmjs.org/method--override
28 http 404 https://registry.npmjs.org/method--override
29 silly registry.get cb [ 404,
29 silly registry.get   { 'content-type': 'application/json',
29 silly registry.get     'cache-control': 'max-age=0',
29 silly registry.get     'content-length': '2',
29 silly registry.get     'accept-ranges': 'bytes',
29 silly registry.get     date: 'Thu, 20 Aug 2015 05:58:35 GMT',
29 silly registry.get     via: '1.1 varnish',
29 silly registry.get     age: '0',
29 silly registry.get     connection: 'keep-alive',
29 silly registry.get     'x-served-by': 'cache-lax1422-LAX',
29 silly registry.get     'x-cache': 'MISS',
29 silly registry.get     'x-cache-hits': '0',
29 silly registry.get     'x-timer': 'S1440050314.822268,VS0,VE309' } ]
30 silly lockFile 6c712ac1-method-override method--override@
31 silly lockFile 6c712ac1-method-override method--override@
32 error 404 Not Found
32 error 404
32 error 404 'method--override' is not in the npm registry.
32 error 404 You should bug the author to publish it
32 error 404 It was specified as a dependency of 'cmsc100week2'
32 error 404
32 error 404 Note that you can also install from a
32 error 404 tarball, folder, or http url, or git url.
33 error System Linux 3.13.0-32-generic
34 error command "/usr/bin/node" "/usr/bin/npm" "install" "--save" "method--override"
35 error cwd /home/user/Desktop/cmsc100week2
36 error node -v v0.10.40
37 error npm -v 1.4.28
38 error code E404
39 verbose exit [ 1, true ]
